2025-08-14 00:48:28,073 - DEBUG - Script started
2025-08-14 00:48:28,073 - DEBUG - Input file: test_files/WWARA-rptrlist-TEST.csv
2025-08-14 00:48:28,073 - DEBUG - Output file: test_files/test_output_main.csv
2025-08-14 00:48:28,082 - DEBUG - Script started
2025-08-14 00:48:28,082 - DEBUG - Input file: test_files/WWARA-rptrlist-TEST.csv
2025-08-14 00:48:28,082 - DEBUG - Output file: test_files/test_output_file.csv
2025-08-14 00:51:48,631 - DEBUG - Script started
2025-08-14 00:51:48,631 - DEBUG - Input file: /tmp/tmp25jng7zr.csv
2025-08-14 00:51:48,631 - DEBUG - Output file: /tmp/tmpagk6t83q.csv
2025-08-14 00:51:48,722 - DEBUG - Script started
2025-08-14 00:51:48,722 - DEBUG - Input file: /tmp/tmp9hn7y686.csv
2025-08-14 00:51:48,722 - DEBUG - Output file: /tmp/tmpvl4pcojh.csv
2025-08-14 00:51:48,782 - DEBUG - Script started
2025-08-14 00:51:48,782 - DEBUG - Input file: /tmp/tmpd3eqnk5l.csv
2025-08-14 00:51:48,782 - DEBUG - Output file: /tmp/tmp99f8pjyy.csv
2025-08-14 00:54:13,240 - DEBUG - Script started
2025-08-14 00:54:13,240 - DEBUG - Input file: sample_files/WWARA-rptrlist-SAMPLE.csv
2025-08-14 00:54:13,240 - DEBUG - Output file: /tmp/test_cli_output.csv
2025-08-14 00:54:13,240 - DEBUG - Reading input file: sample_files/WWARA-rptrlist-SAMPLE.csv
2025-08-14 00:54:13,246 - DEBUG - Number of memory channels read: 434
2025-08-14 00:54:13,483 - INFO - Output file written: /tmp/test_cli_output.csv
2025-08-14 00:54:13,483 - INFO - Number of memory channels written: 434
2025-08-14 00:56:59,961 - DEBUG - Script started
2025-08-14 00:56:59,961 - DEBUG - Input file: sample_files/WWARA-rptrlist-SAMPLE.csv
2025-08-14 00:56:59,961 - DEBUG - Output file: /tmp/final_test_output.csv
2025-08-14 00:56:59,961 - DEBUG - Reading input file: sample_files/WWARA-rptrlist-SAMPLE.csv
2025-08-14 00:56:59,967 - DEBUG - Number of memory channels read: 434
2025-08-14 00:57:00,209 - INFO - Output file written: /tmp/final_test_output.csv
2025-08-14 00:57:00,209 - INFO - Number of memory channels written: 434
2025-08-14 03:03:40,847 - DEBUG - Script started
2025-08-14 03:03:40,847 - DEBUG - Input file: test_files/WWARA-rptrlist-TEST.csv
2025-08-14 03:03:40,847 - DEBUG - Output file: test_files/test_output_main.csv
2025-08-14 03:03:40,879 - DEBUG - Script started
2025-08-14 03:03:40,879 - DEBUG - Input file: test_files/WWARA-rptrlist-TEST.csv
2025-08-14 03:03:40,880 - DEBUG - Output file: test_files/test_output_file.csv
2025-08-14 03:05:45,717 - INFO - Output file written: tests/test_files/test_output.csv
2025-08-14 03:05:45,717 - INFO - Number of memory channels written: 0
2025-08-14 03:05:56,496 - DEBUG - Script started
2025-08-14 03:05:56,496 - DEBUG - Input file: tests/test_files/WWARA-rptrlist-TEST.csv
2025-08-14 03:05:56,496 - DEBUG - Output file: tests/test_files/test_output_file.csv
2025-08-14 03:05:56,497 - DEBUG - Reading input file: tests/test_files/WWARA-rptrlist-TEST.csv
2025-08-14 03:05:56,501 - DEBUG - Number of memory channels read: 434
2025-08-14 03:05:56,739 - INFO - Output file written: tests/test_files/test_output_file.csv
2025-08-14 03:05:56,739 - INFO - Number of memory channels written: 434
2025-08-14 03:05:59,528 - DEBUG - Script started
2025-08-14 03:05:59,528 - DEBUG - Input file: tests/test_files/WWARA-rptrlist-TEST.csv
2025-08-14 03:05:59,529 - DEBUG - Output file: tests/test_files/test_output_main.csv
2025-08-14 03:05:59,529 - DEBUG - Reading input file: tests/test_files/WWARA-rptrlist-TEST.csv
2025-08-14 03:05:59,534 - DEBUG - Number of memory channels read: 434
2025-08-14 03:05:59,773 - INFO - Output file written: tests/test_files/test_output_main.csv
2025-08-14 03:05:59,773 - INFO - Number of memory channels written: 434
2025-08-14 03:06:09,317 - DEBUG - Script started
2025-08-14 03:06:09,317 - DEBUG - Input file: tests/test_files/WWARA-rptrlist-TEST.csv
2025-08-14 03:06:09,317 - DEBUG - Output file: tests/test_files/test_output_main.csv
2025-08-14 03:06:09,318 - DEBUG - Reading input file: tests/test_files/WWARA-rptrlist-TEST.csv
2025-08-14 03:06:09,321 - DEBUG - Number of memory channels read: 434
2025-08-14 03:06:09,553 - INFO - Output file written: tests/test_files/test_output_main.csv
2025-08-14 03:06:09,553 - INFO - Number of memory channels written: 434
2025-08-14 03:06:09,554 - DEBUG - Script started
2025-08-14 03:06:09,554 - DEBUG - Input file: tests/test_files/WWARA-rptrlist-TEST.csv
2025-08-14 03:06:09,554 - DEBUG - Output file: tests/test_files/test_output_file.csv
2025-08-14 03:06:09,555 - DEBUG - Reading input file: tests/test_files/WWARA-rptrlist-TEST.csv
2025-08-14 03:06:09,558 - DEBUG - Number of memory channels read: 434
2025-08-14 03:06:09,788 - INFO - Output file written: tests/test_files/test_output_file.csv
2025-08-14 03:06:09,788 - INFO - Number of memory channels written: 434
2025-08-14 03:06:09,791 - INFO - Output file written: tests/test_files/test_output.csv
2025-08-14 03:06:09,791 - INFO - Number of memory channels written: 0
2025-08-14 03:17:11,480 - DEBUG - Script started
2025-08-14 03:17:11,480 - DEBUG - Input file: tests/test_files/WWARA-rptrlist-TEST.csv
2025-08-14 03:17:11,480 - DEBUG - Output file: tests/test_files/test_output_main.csv
2025-08-14 03:17:11,481 - DEBUG - Reading input file: tests/test_files/WWARA-rptrlist-TEST.csv
2025-08-14 03:17:11,485 - DEBUG - Number of memory channels read: 434
2025-08-14 03:17:11,720 - INFO - Output file written: tests/test_files/test_output_main.csv
2025-08-14 03:17:11,720 - INFO - Number of memory channels written: 434
2025-08-14 03:17:11,721 - DEBUG - Script started
2025-08-14 03:17:11,721 - DEBUG - Input file: tests/test_files/WWARA-rptrlist-TEST.csv
2025-08-14 03:17:11,721 - DEBUG - Output file: tests/test_files/test_output_file.csv
2025-08-14 03:17:11,722 - DEBUG - Reading input file: tests/test_files/WWARA-rptrlist-TEST.csv
2025-08-14 03:17:11,725 - DEBUG - Number of memory channels read: 434
2025-08-14 03:17:11,959 - INFO - Output file written: tests/test_files/test_output_file.csv
2025-08-14 03:17:11,959 - INFO - Number of memory channels written: 434
2025-08-14 03:17:11,962 - INFO - Output file written: tests/test_files/test_output.csv
2025-08-14 03:17:11,962 - INFO - Number of memory channels written: 0
